<?xml version="1.0"?>
<resources>
    <Resource id="jdbc/test" type="javax.sql.DataSource">
        JdbcDriver = com.mysql.jdbc.Driver
        JdbcUrl = jdbc:mysql://localhost/myapp_test
        UserName = root
        Password =
        JtaManaged = true
    </Resource>


    <Resource id="jdbc/test-unmanaged" type="javax.sql.DataSource">
        JdbcDriver = com.mysql.jdbc.Driver
        JdbcUrl = jdbc:mysql://localhost/myapp_test
        UserName = root
        Password =
        JtaManaged = false
    </Resource>

    <Service id="json" class-name="org.apache.cxf.jaxrs.provider.json.JSONProvider">
        dropRootElement = true
        supportUnwrapped = true
        dropCollectionWrapperElement = true
        serializeAsArray = true
    </Service>
</resources>
