<openejb-jar>
    <pojo-deployment class-name="jaxrs-application">
        <properties>
            cxf.jaxrs.providers = json
        </properties>
    </pojo-deployment>
</openejb-jar>
